<?xml version="1.0" encoding="UTF-8"?>
<!-- Generated by org.testng.reporters.JUnitReportReporter -->
<testsuite skipped="0" hostname="LAPTOP-VIVEK" name="selenium.Testing2" tests="2" failures="0" timestamp="27 Sep 2020 22:20:03 GMT" time="0.002" errors="0">
  <testcase name="Test4" time="0.001" classname="selenium.Testing2"/>
  <testcase name="Test5" time="0.001" classname="selenium.Testing2"/>
</testsuite> <!-- selenium.Testing2 -->
