<?xml version="1.0" encoding="UTF-8"?>
<!-- Generated by org.testng.reporters.JUnitReportReporter -->
<testsuite skipped="0" hostname="LAPTOP-VIVEK" name="selenium.Testing1" tests="4" failures="0" timestamp="04 Oct 2020 03:14:38 GMT" time="0.002" errors="0">
  <testcase name="Test1" time="0.001" classname="selenium.Testing1"/>
  <testcase name="Test1" time="0.001" classname="selenium.Testing1"/>
  <testcase name="Test2" time="0.000" classname="selenium.Testing1"/>
  <testcase name="Test3" time="0.000" classname="selenium.Testing1"/>
</testsuite> <!-- selenium.Testing1 -->
