<?xml version="1.0" encoding="UTF-8"?>
<!-- Generated by org.testng.reporters.JUnitReportReporter -->
<testsuite skipped="0" hostname="LAPTOP-VIVEK" name="selenium.Testing2" tests="2" failures="0" timestamp="04 Oct 2020 03:14:38 GMT" time="0.001" errors="0">
  <testcase name="Test4" time="0.000" classname="selenium.Testing2"/>
  <testcase name="Test5" time="0.001" classname="selenium.Testing2"/>
</testsuite> <!-- selenium.Testing2 -->
