<?xml version="1.0" encoding="UTF-8"?>
<!-- Generated by org.testng.reporters.JUnitReportReporter -->
<testsuite skipped="0" hostname="LAPTOP-VIVEK" name="test.LoginTest" tests="2" failures="0" timestamp="04 Oct 2020 21:43:29 GMT" time="19.218" errors="0">
  <testcase name="loginWithWrongEmailTest" time="8.539" classname="test.LoginTest"/>
  <testcase name="loginWithWrongPasswordTest" time="10.679" classname="test.LoginTest"/>
</testsuite> <!-- test.LoginTest -->
