<?xml version="1.0" encoding="UTF-8"?>
<!-- Generated by org.testng.reporters.JUnitReportReporter -->
<testsuite skipped="0" hostname="LAPTOP-VIVEK" name="test.LoginTest" tests="2" failures="0" timestamp="14 Feb 2021 03:03:34 GMT" time="20.351" errors="0">
  <testcase name="loginWithWrongPasswordTest" time="11.083" classname="test.LoginTest"/>
  <testcase name="loginWithWrongEmailTest" time="9.268" classname="test.LoginTest"/>
</testsuite> <!-- test.LoginTest -->
