<?xml version="1.0" encoding="UTF-8"?>
<!-- Generated by org.testng.reporters.JUnitReportReporter -->
<testsuite skipped="0" hostname="LAPTOP-VIVEK" name="test.LoginTest" tests="2" failures="0" timestamp="14 Feb 2021 04:11:39 GMT" time="19.319" errors="0">
  <testcase name="loginWithWrongPasswordTest" time="9.698" classname="test.LoginTest"/>
  <testcase name="loginWithWrongEmailTest" time="9.621" classname="test.LoginTest"/>
</testsuite> <!-- test.LoginTest -->
